0 info it worked if it ends with ok
1 verbose cli [ 'node', '/usr/local/bin/npm', 'update', '-g', 'bower' ]
2 info using npm@2.5.1
3 info using node@v0.12.0
4 silly mapToRegistry name bower
5 silly mapToRegistry using default registry
6 silly mapToRegistry registry https://registry.npmjs.org/
7 silly mapToRegistry uri https://registry.npmjs.org/bower
8 verbose request uri https://registry.npmjs.org/bower
9 verbose request no auth needed
10 info attempt registry request try #1 at 5:44:10 PM
11 verbose request id 25b896e2bbfa3ed7
12 verbose etag "899RLH3RLOEUE1DZ304PPX4PP"
13 http request GET https://registry.npmjs.org/bower
14 http 304 https://registry.npmjs.org/bower
15 silly get cb [ 304,
15 silly get   { date: 'Mon, 23 Nov 2015 23:44:11 GMT',
15 silly get     via: '1.1 varnish',
15 silly get     'cache-control': 'max-age=60',
15 silly get     etag: '"899RLH3RLOEUE1DZ304PPX4PP"',
15 silly get     age: '36',
15 silly get     connection: 'keep-alive',
15 silly get     'x-served-by': 'cache-ord1732-ORD',
15 silly get     'x-cache': 'HIT',
15 silly get     'x-cache-hits': '1',
15 silly get     'x-timer': 'S1448322251.028244,VS0,VE0',
15 silly get     vary: 'Accept' } ]
16 verbose etag https://registry.npmjs.org/bower from cache
17 verbose get saving bower to /Users/jmayer/.npm/registry.npmjs.org/bower/.cache.json
18 silly mapToRegistry name bower
19 silly mapToRegistry using default registry
20 silly mapToRegistry registry https://registry.npmjs.org/
21 silly mapToRegistry uri https://registry.npmjs.org/bower
22 verbose get https://registry.npmjs.org/bower not expired, no request
23 info outdated updating [ [ '/usr/local/lib', 'bower', '1.3.12', '1.6.5', '1.6.5', 'latest' ],
23 info outdated   [ '/usr/local/lib/node_modules/ember-cli',
23 info outdated     'bower',
23 info outdated     '1.3.12',
23 info outdated     '1.6.5',
23 info outdated     '1.6.5',
23 info outdated     '^1.3.5' ] ]
24 verbose install where, what [ '/usr/local/lib', [ 'bower@1.6.5' ] ]
25 verbose install where, what [ '/usr/local/lib/node_modules/ember-cli', [ 'bower@1.6.5' ] ]
26 silly cache add args [ 'bower@1.6.5', null ]
27 verbose cache add spec bower@1.6.5
28 silly cache add parsed spec { raw: 'bower@1.6.5',
28 silly cache add   scope: null,
28 silly cache add   name: 'bower',
28 silly cache add   rawSpec: '1.6.5',
28 silly cache add   spec: '1.6.5',
28 silly cache add   type: 'version' }
29 verbose addNamed bower@1.6.5
30 silly addNamed semver.valid 1.6.5
31 silly addNamed semver.validRange 1.6.5
32 silly mapToRegistry name bower
33 silly mapToRegistry using default registry
34 silly mapToRegistry registry https://registry.npmjs.org/
35 silly mapToRegistry uri https://registry.npmjs.org/bower
36 verbose addNameVersion registry:https://registry.npmjs.org/bower not in flight; fetching
37 silly cache add args [ 'bower@1.6.5', null ]
38 verbose cache add spec bower@1.6.5
39 silly cache add parsed spec { raw: 'bower@1.6.5',
39 silly cache add   scope: null,
39 silly cache add   name: 'bower',
39 silly cache add   rawSpec: '1.6.5',
39 silly cache add   spec: '1.6.5',
39 silly cache add   type: 'version' }
40 verbose addNamed bower@1.6.5
41 silly addNamed semver.valid 1.6.5
42 silly addNamed semver.validRange 1.6.5
43 silly mapToRegistry name bower
44 silly mapToRegistry using default registry
45 silly mapToRegistry registry https://registry.npmjs.org/
46 silly mapToRegistry uri https://registry.npmjs.org/bower
47 verbose addNameVersion registry:https://registry.npmjs.org/bower already in flight; waiting
48 verbose get https://registry.npmjs.org/bower not expired, no request
49 silly mapToRegistry name bower
50 silly mapToRegistry using default registry
51 silly mapToRegistry registry https://registry.npmjs.org/
52 silly mapToRegistry uri https://registry.npmjs.org/bower
53 verbose addRemoteTarball https://registry.npmjs.org/bower/-/bower-1.6.5.tgz not in flight; adding
54 verbose addRemoteTarball [ 'https://registry.npmjs.org/bower/-/bower-1.6.5.tgz',
54 verbose addRemoteTarball   '59d457122a161e42cc1625bbab8179c214b7ac11' ]
55 silly mapToRegistry name bower
56 silly mapToRegistry using default registry
57 silly mapToRegistry registry https://registry.npmjs.org/
58 silly mapToRegistry uri https://registry.npmjs.org/bower
59 verbose addRemoteTarball https://registry.npmjs.org/bower/-/bower-1.6.5.tgz already in flight; waiting
60 info retry fetch attempt 1 at 5:44:13 PM
61 info attempt registry request try #1 at 5:44:13 PM
62 http fetch GET https://registry.npmjs.org/bower/-/bower-1.6.5.tgz
63 http fetch 200 https://registry.npmjs.org/bower/-/bower-1.6.5.tgz
64 silly fetchAndShaCheck shasum 59d457122a161e42cc1625bbab8179c214b7ac11
65 verbose addTmpTarball /var/folders/8v/b4wlwf0n2k5d6rgbvlx0zvt40000gn/T/npm-41877-44d9e5f4/registry.npmjs.org/bower/-/bower-1.6.5.tgz not in flight; adding
66 verbose addTmpTarball already have metadata; skipping unpack for bower@1.6.5
67 silly cache afterAdd bower@1.6.5
68 verbose afterAdd /Users/jmayer/.npm/bower/1.6.5/package/package.json not in flight; writing
69 silly cache afterAdd bower@1.6.5
70 verbose afterAdd /Users/jmayer/.npm/bower/1.6.5/package/package.json already in flight; not writing
71 verbose afterAdd /Users/jmayer/.npm/bower/1.6.5/package/package.json written
72 silly install resolved [ { name: 'bower',
72 silly install resolved     version: '1.6.5',
72 silly install resolved     description: 'The browser package manager',
72 silly install resolved     author: { name: 'Twitter' },
72 silly install resolved     license: 'MIT',
72 silly install resolved     repository: { type: 'git', url: 'git+https://github.com/bower/bower.git' },
72 silly install resolved     main: 'lib',
72 silly install resolved     homepage: 'http://bower.io',
72 silly install resolved     engines: { node: '>=0.10.0' },
72 silly install resolved     keywords: [ 'bower' ],
72 silly install resolved     dependencies:
72 silly install resolved      { abbrev: '^1.0.5',
72 silly install resolved        archy: '1.0.0',
72 silly install resolved        'bower-config': '^1.2.2',
72 silly install resolved        'bower-endpoint-parser': '^0.2.2',
72 silly install resolved        'bower-json': '^0.4.0',
72 silly install resolved        'bower-logger': '^0.2.2',
72 silly install resolved        'bower-registry-client': '^1.0.0',
72 silly install resolved        cardinal: '0.4.4',
72 silly install resolved        chalk: '^1.0.0',
72 silly install resolved        chmodr: '^1.0.2',
72 silly install resolved        configstore: '^0.3.2',
72 silly install resolved        'decompress-zip': '^0.1.0',
72 silly install resolved        destroy: '^1.0.3',
72 silly install resolved        'fs-write-stream-atomic': '^1.0.4',
72 silly install resolved        fstream: '^1.0.3',
72 silly install resolved        'fstream-ignore': '^1.0.2',
72 silly install resolved        github: '^0.2.3',
72 silly install resolved        glob: '^4.3.2',
72 silly install resolved        'graceful-fs': '^3.0.5',
72 silly install resolved        handlebars: '^2.0.0',
72 silly install resolved        inquirer: '0.10.0',
72 silly install resolved        insight: '^0.7.0',
72 silly install resolved        'is-root': '^1.0.0',
72 silly install resolved        junk: '^1.0.0',
72 silly install resolved        lockfile: '^1.0.0',
72 silly install resolved        'lru-cache': '^2.5.0',
72 silly install resolved        'md5-hex': '^1.0.2',
72 silly install resolved        mkdirp: '0.5.0',
72 silly install resolved        mout: '^0.11.0',
72 silly install resolved        nopt: '^3.0.1',
72 silly install resolved        opn: '^1.0.1',
72 silly install resolved        'p-throttler': '0.1.1',
72 silly install resolved        promptly: '0.2.0',
72 silly install resolved        q: '^1.1.2',
72 silly install resolved        request: '2.53.0',
72 silly install resolved        'request-progress': '0.3.1',
72 silly install resolved        retry: '0.6.1',
72 silly install resolved        rimraf: '^2.2.8',
72 silly install resolved        semver: '^2.3.0',
72 silly install resolved        'shell-quote': '^1.4.2',
72 silly install resolved        'stringify-object': '^1.0.0',
72 silly install resolved        'tar-fs': '^1.4.1',
72 silly install resolved        tmp: '0.0.24',
72 silly install resolved        'update-notifier': '^0.3.0',
72 silly install resolved        'user-home': '^1.1.0',
72 silly install resolved        which: '^1.0.8' },
72 silly install resolved     devDependencies:
72 silly install resolved      { chai: '^1.10.0',
72 silly install resolved        coveralls: '^2.11.2',
72 silly install resolved        'expect.js': '^0.3.1',
72 silly install resolved        grunt: '^0.4.5',
72 silly install resolved        'grunt-cli': '^0.1.13',
72 silly install resolved        'grunt-contrib-jshint': '^0.10.0',
72 silly install resolved        'grunt-contrib-watch': '^0.6.1',
72 silly install resolved        'grunt-exec': '^0.4.6',
72 silly install resolved        'grunt-simple-mocha': '^0.4.0',
72 silly install resolved        istanbul: '^0.3.5',
72 silly install resolved        'load-grunt-tasks': '^2.0.0',
72 silly install resolved        mocha: '^2.1.0',
72 silly install resolved        multiline: '^1.0.2',
72 silly install resolved        nock: '^2.13.0',
72 silly install resolved        'node-uuid': '^1.4.2',
72 silly install resolved        'npm-shrinkwrap': '^5.4.1',
72 silly install resolved        proxyquire: '^1.3.0',
72 silly install resolved        'spawn-sync': '^1.0.5' },
72 silly install resolved     scripts: { test: 'grunt test' },
72 silly install resolved     bin: { bower: 'bin/bower' },
72 silly install resolved     files: [ 'bin', 'lib', 'templates' ],
72 silly install resolved     gitHead: 'a022cdc75ee0693af813a87b40f5de4c74b7baae',
72 silly install resolved     bugs: { url: 'https://github.com/bower/bower/issues' },
72 silly install resolved     bundleDependencies:
72 silly install resolved      [ 'abbrev',
72 silly install resolved        'archy',
72 silly install resolved        'bower-config',
72 silly install resolved        'bower-endpoint-parser',
72 silly install resolved        'bower-json',
72 silly install resolved        'bower-logger',
72 silly install resolved        'bower-registry-client',
72 silly install resolved        'cardinal',
72 silly install resolved        'chalk',
72 silly install resolved        'chmodr',
72 silly install resolved        'configstore',
72 silly install resolved        'decompress-zip',
72 silly install resolved        'destroy',
72 silly install resolved        'fs-write-stream-atomic',
72 silly install resolved        'fstream',
72 silly install resolved        'fstream-ignore',
72 silly install resolved        'github',
72 silly install resolved        'glob',
72 silly install resolved        'graceful-fs',
72 silly install resolved        'handlebars',
72 silly install resolved        'inquirer',
72 silly install resolved        'insight',
72 silly install resolved        'is-root',
72 silly install resolved        'junk',
72 silly install resolved        'lockfile',
72 silly install resolved        'lru-cache',
72 silly install resolved        'md5-hex',
72 silly install resolved        'mkdirp',
72 silly install resolved        'mout',
72 silly install resolved        'nopt',
72 silly install resolved        'opn',
72 silly install resolved        'p-throttler',
72 silly install resolved        'promptly',
72 silly install resolved        'q',
72 silly install resolved        'request',
72 silly install resolved        'request-progress',
72 silly install resolved        'retry',
72 silly install resolved        'rimraf',
72 silly install resolved        'semver',
72 silly install resolved        'shell-quote',
72 silly install resolved        'stringify-object',
72 silly install resolved        'tar-fs',
72 silly install resolved        'tmp',
72 silly install resolved        'update-notifier',
72 silly install resolved        'user-home',
72 silly install resolved        'which' ],
72 silly install resolved     _id: 'bower@1.6.5',
72 silly install resolved     _shasum: '59d457122a161e42cc1625bbab8179c214b7ac11',
72 silly install resolved     _from: 'bower@1.6.5',
72 silly install resolved     _npmVersion: '2.14.8',
72 silly install resolved     _nodeVersion: '4.1.1',
72 silly install resolved     _npmUser: { name: 'sheerun', email: 'sheerun@sher.pl' },
72 silly install resolved     dist:
72 silly install resolved      { shasum: '59d457122a161e42cc1625bbab8179c214b7ac11',
72 silly install resolved        tarball: 'http://registry.npmjs.org/bower/-/bower-1.6.5.tgz' },
72 silly install resolved     maintainers: [ [Object], [Object], [Object], [Object], [Object], [Object] ],
72 silly install resolved     directories: {},
72 silly install resolved     _resolved: 'https://registry.npmjs.org/bower/-/bower-1.6.5.tgz' } ]
73 info install bower@1.6.5 into /usr/local/lib
74 info installOne bower@1.6.5
75 verbose installOne of bower to /usr/local/lib not in flight; installing
76 silly install resolved [ { name: 'bower',
76 silly install resolved     version: '1.6.5',
76 silly install resolved     description: 'The browser package manager',
76 silly install resolved     author: { name: 'Twitter' },
76 silly install resolved     license: 'MIT',
76 silly install resolved     repository: { type: 'git', url: 'git+https://github.com/bower/bower.git' },
76 silly install resolved     main: 'lib',
76 silly install resolved     homepage: 'http://bower.io',
76 silly install resolved     engines: { node: '>=0.10.0' },
76 silly install resolved     keywords: [ 'bower' ],
76 silly install resolved     dependencies:
76 silly install resolved      { abbrev: '^1.0.5',
76 silly install resolved        archy: '1.0.0',
76 silly install resolved        'bower-config': '^1.2.2',
76 silly install resolved        'bower-endpoint-parser': '^0.2.2',
76 silly install resolved        'bower-json': '^0.4.0',
76 silly install resolved        'bower-logger': '^0.2.2',
76 silly install resolved        'bower-registry-client': '^1.0.0',
76 silly install resolved        cardinal: '0.4.4',
76 silly install resolved        chalk: '^1.0.0',
76 silly install resolved        chmodr: '^1.0.2',
76 silly install resolved        configstore: '^0.3.2',
76 silly install resolved        'decompress-zip': '^0.1.0',
76 silly install resolved        destroy: '^1.0.3',
76 silly install resolved        'fs-write-stream-atomic': '^1.0.4',
76 silly install resolved        fstream: '^1.0.3',
76 silly install resolved        'fstream-ignore': '^1.0.2',
76 silly install resolved        github: '^0.2.3',
76 silly install resolved        glob: '^4.3.2',
76 silly install resolved        'graceful-fs': '^3.0.5',
76 silly install resolved        handlebars: '^2.0.0',
76 silly install resolved        inquirer: '0.10.0',
76 silly install resolved        insight: '^0.7.0',
76 silly install resolved        'is-root': '^1.0.0',
76 silly install resolved        junk: '^1.0.0',
76 silly install resolved        lockfile: '^1.0.0',
76 silly install resolved        'lru-cache': '^2.5.0',
76 silly install resolved        'md5-hex': '^1.0.2',
76 silly install resolved        mkdirp: '0.5.0',
76 silly install resolved        mout: '^0.11.0',
76 silly install resolved        nopt: '^3.0.1',
76 silly install resolved        opn: '^1.0.1',
76 silly install resolved        'p-throttler': '0.1.1',
76 silly install resolved        promptly: '0.2.0',
76 silly install resolved        q: '^1.1.2',
76 silly install resolved        request: '2.53.0',
76 silly install resolved        'request-progress': '0.3.1',
76 silly install resolved        retry: '0.6.1',
76 silly install resolved        rimraf: '^2.2.8',
76 silly install resolved        semver: '^2.3.0',
76 silly install resolved        'shell-quote': '^1.4.2',
76 silly install resolved        'stringify-object': '^1.0.0',
76 silly install resolved        'tar-fs': '^1.4.1',
76 silly install resolved        tmp: '0.0.24',
76 silly install resolved        'update-notifier': '^0.3.0',
76 silly install resolved        'user-home': '^1.1.0',
76 silly install resolved        which: '^1.0.8' },
76 silly install resolved     devDependencies:
76 silly install resolved      { chai: '^1.10.0',
76 silly install resolved        coveralls: '^2.11.2',
76 silly install resolved        'expect.js': '^0.3.1',
76 silly install resolved        grunt: '^0.4.5',
76 silly install resolved        'grunt-cli': '^0.1.13',
76 silly install resolved        'grunt-contrib-jshint': '^0.10.0',
76 silly install resolved        'grunt-contrib-watch': '^0.6.1',
76 silly install resolved        'grunt-exec': '^0.4.6',
76 silly install resolved        'grunt-simple-mocha': '^0.4.0',
76 silly install resolved        istanbul: '^0.3.5',
76 silly install resolved        'load-grunt-tasks': '^2.0.0',
76 silly install resolved        mocha: '^2.1.0',
76 silly install resolved        multiline: '^1.0.2',
76 silly install resolved        nock: '^2.13.0',
76 silly install resolved        'node-uuid': '^1.4.2',
76 silly install resolved        'npm-shrinkwrap': '^5.4.1',
76 silly install resolved        proxyquire: '^1.3.0',
76 silly install resolved        'spawn-sync': '^1.0.5' },
76 silly install resolved     scripts: { test: 'grunt test' },
76 silly install resolved     bin: { bower: 'bin/bower' },
76 silly install resolved     files: [ 'bin', 'lib', 'templates' ],
76 silly install resolved     gitHead: 'a022cdc75ee0693af813a87b40f5de4c74b7baae',
76 silly install resolved     bugs: { url: 'https://github.com/bower/bower/issues' },
76 silly install resolved     bundleDependencies:
76 silly install resolved      [ 'abbrev',
76 silly install resolved        'archy',
76 silly install resolved        'bower-config',
76 silly install resolved        'bower-endpoint-parser',
76 silly install resolved        'bower-json',
76 silly install resolved        'bower-logger',
76 silly install resolved        'bower-registry-client',
76 silly install resolved        'cardinal',
76 silly install resolved        'chalk',
76 silly install resolved        'chmodr',
76 silly install resolved        'configstore',
76 silly install resolved        'decompress-zip',
76 silly install resolved        'destroy',
76 silly install resolved        'fs-write-stream-atomic',
76 silly install resolved        'fstream',
76 silly install resolved        'fstream-ignore',
76 silly install resolved        'github',
76 silly install resolved        'glob',
76 silly install resolved        'graceful-fs',
76 silly install resolved        'handlebars',
76 silly install resolved        'inquirer',
76 silly install resolved        'insight',
76 silly install resolved        'is-root',
76 silly install resolved        'junk',
76 silly install resolved        'lockfile',
76 silly install resolved        'lru-cache',
76 silly install resolved        'md5-hex',
76 silly install resolved        'mkdirp',
76 silly install resolved        'mout',
76 silly install resolved        'nopt',
76 silly install resolved        'opn',
76 silly install resolved        'p-throttler',
76 silly install resolved        'promptly',
76 silly install resolved        'q',
76 silly install resolved        'request',
76 silly install resolved        'request-progress',
76 silly install resolved        'retry',
76 silly install resolved        'rimraf',
76 silly install resolved        'semver',
76 silly install resolved        'shell-quote',
76 silly install resolved        'stringify-object',
76 silly install resolved        'tar-fs',
76 silly install resolved        'tmp',
76 silly install resolved        'update-notifier',
76 silly install resolved        'user-home',
76 silly install resolved        'which' ],
76 silly install resolved     _id: 'bower@1.6.5',
76 silly install resolved     _shasum: '59d457122a161e42cc1625bbab8179c214b7ac11',
76 silly install resolved     _from: 'bower@1.6.5',
76 silly install resolved     _npmVersion: '2.14.8',
76 silly install resolved     _nodeVersion: '4.1.1',
76 silly install resolved     _npmUser: { name: 'sheerun', email: 'sheerun@sher.pl' },
76 silly install resolved     dist:
76 silly install resolved      { shasum: '59d457122a161e42cc1625bbab8179c214b7ac11',
76 silly install resolved        tarball: 'http://registry.npmjs.org/bower/-/bower-1.6.5.tgz' },
76 silly install resolved     maintainers: [ [Object], [Object], [Object], [Object], [Object], [Object] ],
76 silly install resolved     directories: {},
76 silly install resolved     _resolved: 'https://registry.npmjs.org/bower/-/bower-1.6.5.tgz' } ]
77 info install bower@1.6.5 into /usr/local/lib/node_modules/ember-cli
78 info installOne bower@1.6.5
79 verbose installOne of bower to /usr/local/lib/node_modules/ember-cli not in flight; installing
80 verbose lock using /Users/jmayer/.npm/_locks/bower-e8debc5417026b57.lock for /usr/local/lib/node_modules/bower
81 verbose lock using /Users/jmayer/.npm/_locks/bower-957c226cf7c197cd.lock for /usr/local/lib/node_modules/ember-cli/node_modules/bower
82 silly install write writing bower 1.6.5 to /usr/local/lib/node_modules/bower
83 silly install write writing bower 1.6.5 to /usr/local/lib/node_modules/ember-cli/node_modules/bower
84 silly cache addNamed cb bower@1.6.5
85 verbose unbuild lib/node_modules/bower
86 silly cache addNamed cb bower@1.6.5
87 verbose unbuild lib/node_modules/ember-cli/node_modules/bower
88 info preuninstall bower@1.3.12
89 info uninstall bower@1.3.12
90 verbose unbuild rmStuff bower@1.3.12 from /usr/local/lib/node_modules
91 verbose unbuild rmStuff in /usr/local/lib/node_modules/ember-cli/node_modules
92 verbose gentlyRm verifying that /usr/local is managed by npm
93 info preuninstall bower@1.3.12
94 silly isManaged /usr/local/lib/node_modules is inside /usr/local
95 silly gentlyRm /usr/local is managed by npm
96 silly gentlyRm /usr/local/lib/node_modules/ember-cli/node_modules/.bin/bower is under /usr/local
97 verbose gentlyRm vacuuming /usr/local/lib/node_modules/ember-cli/node_modules/.bin/bower up to /usr/local
98 silly gentlyRm removing /usr/local/lib/node_modules/ember-cli/node_modules/.bin/bower
99 info uninstall bower@1.3.12
100 verbose unlock done using /Users/jmayer/.npm/_locks/bower-957c226cf7c197cd.lock for /usr/local/lib/node_modules/ember-cli/node_modules/bower
101 verbose unbuild rmStuff bower@1.3.12 from /usr/local/lib/node_modules
102 verbose gentlyRm verifying that /usr/local is managed by npm
103 silly isManaged /usr/local is not inside /usr/local/lib/node_modules
104 silly isManaged /usr/local is not inside /usr/local/lib/node_modules
105 silly isManaged /usr/local/bin is inside /usr/local
106 silly gentlyRm /usr/local is managed by npm
107 silly gentlyRm /usr/local/bin/bower is under /usr/local
108 verbose gentlyRm vacuuming /usr/local/bin/bower up to /usr/local
109 silly gentlyRm removing /usr/local/bin/bower
110 silly gentlyRm quitting because other entries in /usr/local/bin
111 info postuninstall bower@1.3.12
112 verbose gentlyRm vacuuming /usr/local/lib/node_modules/bower
113 silly gentlyRm purging /usr/local/lib/node_modules/bower
114 verbose unlock done using /Users/jmayer/.npm/_locks/bower-e8debc5417026b57.lock for /usr/local/lib/node_modules/bower
115 verbose stack Error: EACCES, unlink '/usr/local/lib/node_modules/ember-cli/node_modules/.bin/bower'
115 verbose stack     at Error (native)
116 verbose cwd /Users/jmayer/workspace/football_forum
117 error Darwin 15.0.0
118 error argv "node" "/usr/local/bin/npm" "update" "-g" "bower"
119 error node v0.12.0
120 error npm  v2.5.1
121 error path /usr/local/lib/node_modules/ember-cli/node_modules/.bin/bower
122 error code EACCES
123 error errno -13
124 error Error: EACCES, unlink '/usr/local/lib/node_modules/ember-cli/node_modules/.bin/bower'
124 error     at Error (native)
124 error  { [Error: EACCES, unlink '/usr/local/lib/node_modules/ember-cli/node_modules/.bin/bower']
124 error   errno: -13,
124 error   code: 'EACCES',
124 error   path: '/usr/local/lib/node_modules/ember-cli/node_modules/.bin/bower' }
125 error Please try running this command again as root/Administrator.
126 verbose exit [ -13, true ]
127 verbose unbuild lib/node_modules/ember-cli/node_modules/bower
128 info preuninstall bower@1.3.12
129 info uninstall bower@1.3.12
130 verbose unbuild rmStuff bower@1.3.12 from /usr/local/lib/node_modules
131 verbose unbuild rmStuff in /usr/local/lib/node_modules/ember-cli/node_modules
132 verbose gentlyRm verifying that /usr/local is managed by npm
133 silly isManaged /usr/local is not inside /usr/local/lib/node_modules
134 silly isManaged /usr/local is not inside /usr/local/lib/node_modules
135 silly isManaged /usr/local is not inside /usr/local/bin
136 silly isManaged /usr/local is inside /usr/local
137 silly gentlyRm /usr/local is managed by npm
138 silly gentlyRm /usr/local/lib/node_modules/ember-cli/node_modules/.bin/bower is under /usr/local
139 verbose gentlyRm vacuuming /usr/local/lib/node_modules/ember-cli/node_modules/.bin/bower up to /usr/local
140 silly gentlyRm removing /usr/local/lib/node_modules/ember-cli/node_modules/.bin/bower
141 error error rolling back Error: EACCES, unlink '/usr/local/lib/node_modules/ember-cli/node_modules/.bin/bower'
141 error error rolling back     at Error (native)
141 error error rolling back  { [Error: EACCES, unlink '/usr/local/lib/node_modules/ember-cli/node_modules/.bin/bower']
141 error error rolling back   errno: -13,
141 error error rolling back   code: 'EACCES',
141 error error rolling back   path: '/usr/local/lib/node_modules/ember-cli/node_modules/.bin/bower' }
